2023-08-06 08:40:02.262206 - Initialized conversion of CBT953
2023-08-06 08:40:02.982637 - Received SBGOLOB.CBT506.FILE953 from FILE953.XMI 
2023-08-06 08:40:02.985064 - Found $$$#DATE.txt (text/plain) in SBGOLOB.CBT506.FILE953, moved to FILE953/$$$#DATE
2023-08-06 08:40:02.986385 - Found $PDSLOAD.jcl (text/plain) in SBGOLOB.CBT506.FILE953, moved to FILE953/$PDSLOAD
2023-08-06 08:40:02.987546 - Found @FILE953.txt (text/plain) in SBGOLOB.CBT506.FILE953, moved to FILE953/@FILE953
2023-08-06 08:40:02.988755 - Found BINCHOP.txt (text/plain) in SBGOLOB.CBT506.FILE953, moved to FILE953/BINCHOP
2023-08-06 08:40:02.989707 - Found BRWSPOOL.txt (text/plain) in SBGOLOB.CBT506.FILE953, moved to FILE953/BRWSPOOL
2023-08-06 08:40:02.990622 - Found CHECKAPF.rexx (text/plain) in SBGOLOB.CBT506.FILE953, moved to FILE953/CHECKAPF
2023-08-06 08:40:02.991539 - Found CHKAUTH.txt (text/plain) in SBGOLOB.CBT506.FILE953, moved to FILE953/CHKAUTH
2023-08-06 08:40:02.992499 - Found CHKAUTH$.jcl (text/plain) in SBGOLOB.CBT506.FILE953, moved to FILE953/CHKAUTH$
2023-08-06 08:40:02.993438 - Found CNTRECS.txt (text/plain) in SBGOLOB.CBT506.FILE953, moved to FILE953/CNTRECS
2023-08-06 08:40:02.994336 - Found CNTRECS$.jcl (text/plain) in SBGOLOB.CBT506.FILE953, moved to FILE953/CNTRECS$
2023-08-06 08:40:02.995240 - Found DODYNP$$.txt (text/plain) in SBGOLOB.CBT506.FILE953, moved to FILE953/DODYNP$$
2023-08-06 08:40:02.996114 - Found DODYNPRC.txt (text/plain) in SBGOLOB.CBT506.FILE953, moved to FILE953/DODYNPRC
2023-08-06 08:40:02.996993 - Found DODYNVOL.txt (text/plain) in SBGOLOB.CBT506.FILE953, moved to FILE953/DODYNVOL
2023-08-06 08:40:02.997882 - Found E35DROP.txt (text/plain) in SBGOLOB.CBT506.FILE953, moved to FILE953/E35DROP
2023-08-06 08:40:02.998824 - Found E35DROP$.jcl (text/plain) in SBGOLOB.CBT506.FILE953, moved to FILE953/E35DROP$
2023-08-06 08:40:02.999733 - Found E35TABL.txt (text/plain) in SBGOLOB.CBT506.FILE953, moved to FILE953/E35TABL
2023-08-06 08:40:03.000628 - Found E35TABL$.jcl (text/plain) in SBGOLOB.CBT506.FILE953, moved to FILE953/E35TABL$
2023-08-06 08:40:03.001539 - Found GENDSN$$.jcl (text/plain) in SBGOLOB.CBT506.FILE953, moved to FILE953/GENDSN$$
2023-08-06 08:40:03.002675 - Found GETCNCA$.jcl (text/plain) in SBGOLOB.CBT506.FILE953, moved to FILE953/GETCNCA$
2023-08-06 08:40:03.003659 - Found GETCNCAT.txt (text/plain) in SBGOLOB.CBT506.FILE953, moved to FILE953/GETCNCAT
2023-08-06 08:40:03.004588 - Found GETDSN.txt (text/plain) in SBGOLOB.CBT506.FILE953, moved to FILE953/GETDSN
2023-08-06 08:40:03.005588 - Found GETDSNA$.jcl (text/plain) in SBGOLOB.CBT506.FILE953, moved to FILE953/GETDSNA$
2023-08-06 08:40:03.006438 - Found GETDSNAM.txt (text/plain) in SBGOLOB.CBT506.FILE953, moved to FILE953/GETDSNAM
2023-08-06 08:40:03.007384 - Found IEBUPDTE.txt (text/plain) in SBGOLOB.CBT506.FILE953, moved to FILE953/IEBUPDTE
2023-08-06 08:40:03.008331 - Found JRGULOA$.jcl (text/plain) in SBGOLOB.CBT506.FILE953, moved to FILE953/JRGULOA$
2023-08-06 08:40:03.009332 - Found JRGULOAD.txt (text/plain) in SBGOLOB.CBT506.FILE953, moved to FILE953/JRGULOAD
2023-08-06 08:40:03.010335 - Found JRGUPDT$.jcl (text/plain) in SBGOLOB.CBT506.FILE953, moved to FILE953/JRGUPDT$
2023-08-06 08:40:03.011341 - Found JRGUPDTE.txt (text/plain) in SBGOLOB.CBT506.FILE953, moved to FILE953/JRGUPDTE
2023-08-06 08:40:03.012294 - Found LISTAP$$.jcl (text/plain) in SBGOLOB.CBT506.FILE953, moved to FILE953/LISTAP$$
2023-08-06 08:40:03.013288 - Found LISTAP#.jcl (text/plain) in SBGOLOB.CBT506.FILE953, moved to FILE953/LISTAP#
2023-08-06 08:40:03.014192 - Found LISTAPF.txt (text/plain) in SBGOLOB.CBT506.FILE953, moved to FILE953/LISTAPF
2023-08-06 08:40:03.015203 - Found LISTAPF$.jcl (text/plain) in SBGOLOB.CBT506.FILE953, moved to FILE953/LISTAPF$
2023-08-06 08:40:03.016151 - Found LISTAPFO.txt (text/plain) in SBGOLOB.CBT506.FILE953, moved to FILE953/LISTAPFO
2023-08-06 08:40:03.062291 - Found LOADLIB.xmi (application/xmit) in SBGOLOB.CBT506.FILE953
2023-08-06 08:40:03.090181   - Received RECFM=U data, stored XMIT file as CBT953/LOADLIB.xmi
2023-08-06 08:40:03.091179 - Found MACDOC.txt (text/plain) in SBGOLOB.CBT506.FILE953, moved to FILE953/MACDOC
2023-08-06 08:40:03.092224 - Found MACLIB.txt (text/plain) in SBGOLOB.CBT506.FILE953, moved to FILE953/MACLIB
2023-08-06 08:40:03.093243 - Found MEMLIST.txt (text/plain) in SBGOLOB.CBT506.FILE953, moved to FILE953/MEMLIST
2023-08-06 08:40:03.093253 - Found OBJLIB.bin containing application/octet-stream, moved to FILE953/OBJLIB
2023-08-06 08:40:03.101009 - Found PDSLOAD.xmi (application/xmit) in SBGOLOB.CBT506.FILE953
2023-08-06 08:40:03.108697   - Received RECFM=U data, stored XMIT file as CBT953/PDSLOAD.xmi
2023-08-06 08:40:03.109632 - Found PIPE$$$.jcl (text/plain) in SBGOLOB.CBT506.FILE953, moved to FILE953/PIPE$$$
2023-08-06 08:40:03.110539 - Found PIPECNT.txt (text/plain) in SBGOLOB.CBT506.FILE953, moved to FILE953/PIPECNT
2023-08-06 08:40:03.111480 - Found PIPESET.txt (text/plain) in SBGOLOB.CBT506.FILE953, moved to FILE953/PIPESET
2023-08-06 08:40:03.112390 - Found PROCST$$.jcl (text/plain) in SBGOLOB.CBT506.FILE953, moved to FILE953/PROCST$$
2023-08-06 08:40:03.113345 - Found PROCSTEM.txt (text/plain) in SBGOLOB.CBT506.FILE953, moved to FILE953/PROCSTEM
2023-08-06 08:40:03.114286 - Found RXCHKRC.txt (text/plain) in SBGOLOB.CBT506.FILE953, moved to FILE953/RXCHKRC
2023-08-06 08:40:03.115261 - Found RXLDSTAT.txt (text/plain) in SBGOLOB.CBT506.FILE953, moved to FILE953/RXLDSTAT
2023-08-06 08:40:03.116187 - Found SEQMERGE.txt (text/plain) in SBGOLOB.CBT506.FILE953, moved to FILE953/SEQMERGE
2023-08-06 08:40:03.117141 - Found SMFPRT$$.txt (text/plain) in SBGOLOB.CBT506.FILE953, moved to FILE953/SMFPRT$$
2023-08-06 08:40:03.118059 - Found SMFPRT30.txt (text/plain) in SBGOLOB.CBT506.FILE953, moved to FILE953/SMFPRT30
2023-08-06 08:40:03.118940 - Found STEMSO$$.jcl (text/plain) in SBGOLOB.CBT506.FILE953, moved to FILE953/STEMSO$$
2023-08-06 08:40:03.119881 - Found STEMSORT.txt (text/plain) in SBGOLOB.CBT506.FILE953, moved to FILE953/STEMSORT
2023-08-06 08:40:03.120764 - Found STEMSR15.txt (text/plain) in SBGOLOB.CBT506.FILE953, moved to FILE953/STEMSR15
2023-08-06 08:40:03.121647 - Found STEMSR35.txt (text/plain) in SBGOLOB.CBT506.FILE953, moved to FILE953/STEMSR35
2023-08-06 08:40:03.122535 - Found STRINGI$.jcl (text/plain) in SBGOLOB.CBT506.FILE953, moved to FILE953/STRINGI$
2023-08-06 08:40:03.123421 - Found STRINGIT.txt (text/plain) in SBGOLOB.CBT506.FILE953, moved to FILE953/STRINGIT
2023-08-06 08:40:03.124339 - Found SUBNEXT.rexx (text/plain) in SBGOLOB.CBT506.FILE953, moved to FILE953/SUBNEXT
2023-08-06 08:40:03.125275 - Found SUBNEXT1.rexx (text/plain) in SBGOLOB.CBT506.FILE953, moved to FILE953/SUBNEXT1
2023-08-06 08:40:03.126202 - Found TRIMIT.txt (text/plain) in SBGOLOB.CBT506.FILE953, moved to FILE953/TRIMIT
2023-08-06 08:40:03.127136 - Found TRIMIT$.jcl (text/plain) in SBGOLOB.CBT506.FILE953, moved to FILE953/TRIMIT$
2023-08-06 08:40:03.128210 - Found TRYAUTH.rexx (text/plain) in SBGOLOB.CBT506.FILE953, moved to FILE953/TRYAUTH
2023-08-06 08:40:03.129232 - Found TRYCHECK.rexx (text/plain) in SBGOLOB.CBT506.FILE953, moved to FILE953/TRYCHECK
2023-08-06 08:40:03.130147 - Found TRYCNCAT.txt (text/plain) in SBGOLOB.CBT506.FILE953, moved to FILE953/TRYCNCAT
2023-08-06 08:40:03.131070 - Found TRYGDSN.rexx (text/plain) in SBGOLOB.CBT506.FILE953, moved to FILE953/TRYGDSN
2023-08-06 08:40:03.132000 - Found TRYREXX.rexx (text/plain) in SBGOLOB.CBT506.FILE953, moved to FILE953/TRYREXX
2023-08-06 08:40:03.132959 - Found TRYSTEM.rexx (text/plain) in SBGOLOB.CBT506.FILE953, moved to FILE953/TRYSTEM
2023-08-06 08:40:03.133936 - Found TRYVOL.rexx (text/plain) in SBGOLOB.CBT506.FILE953, moved to FILE953/TRYVOL
2023-08-06 08:40:03.134880 - Found VBADDLEN.txt (text/plain) in SBGOLOB.CBT506.FILE953, moved to FILE953/VBADDLEN
2023-08-06 08:40:03.136057 - Found VBSADLEN.txt (text/plain) in SBGOLOB.CBT506.FILE953, moved to FILE953/VBSADLEN
2023-08-06 08:40:03.137168 - Found VOL#RUN1.txt (text/plain) in SBGOLOB.CBT506.FILE953, moved to FILE953/VOL#RUN1
2023-08-06 08:40:03.138362 - Found VOL#RUN2.txt (text/plain) in SBGOLOB.CBT506.FILE953, moved to FILE953/VOL#RUN2
2023-08-06 08:40:03.139440 - Found VOL#RUN3.txt (text/plain) in SBGOLOB.CBT506.FILE953, moved to FILE953/VOL#RUN3
2023-08-06 08:40:03.140614 - Found VOL#RUN4.txt (text/plain) in SBGOLOB.CBT506.FILE953, moved to FILE953/VOL#RUN4
2023-08-06 08:40:03.141720 - Found VOLUMES.txt (text/plain) in SBGOLOB.CBT506.FILE953, moved to FILE953/VOLUMES
2023-08-06 08:40:03.142668 - Found VOLUMES$.jcl (text/plain) in SBGOLOB.CBT506.FILE953, moved to FILE953/VOLUMES$
2023-08-06 08:40:03.143653 - Found VOLUMESR.txt (text/plain) in SBGOLOB.CBT506.FILE953, moved to FILE953/VOLUMESR
2023-08-06 08:40:03.144584 - Found VOLUMESX.txt (text/plain) in SBGOLOB.CBT506.FILE953, moved to FILE953/VOLUMESX
2023-08-06 08:40:03.145634 - Found VOLUMES1.txt (text/plain) in SBGOLOB.CBT506.FILE953, moved to FILE953/VOLUMES1
2023-08-06 08:40:03.146679 - Found VOLUMES2.txt (text/plain) in SBGOLOB.CBT506.FILE953, moved to FILE953/VOLUMES2
2023-08-06 08:40:03.147664 - Found VOLUMES3.txt (text/plain) in SBGOLOB.CBT506.FILE953, moved to FILE953/VOLUMES3
